app (1)/build/outputs/mapping/release/seeds.txt
com.guepardodelivery.entregador.LauncherActivity
com.guepardodelivery.entregador.FloatingBubbleService
com.guepardodelivery.entregador.DelegationService
com.guepardodelivery.entregador.Application
com.guepardodelivery.entregador.SetDriverActivity
com.guepardodelivery.entregador.Application: Application()
com.guepardodelivery.entregador.FloatingBubbleService: FloatingBubbleService()
com.guepardodelivery.entregador.SetDriverActivity: SetDriverActivity()
com.guepardodelivery.entregador.LauncherActivity: LauncherActivity()
com.guepardodelivery.entregador.DelegationService: DelegationService()
...
androidx.core.view.WindowInsetsCompat$BuilderImpl: void setSystemGestureInsets(androidx.core.graphics.Insets)
androidx.core.widget.NestedScrollView: void setSmoothScrollingEnabled(boolean)
androidx.appcompat.widget.DropDownListView$Api21Impl: void drawableHotspotChanged(android.view.View,float,float)
androidx.core.app.RemoteActionCompatParcelizer: RemoteActionCompatParcelizer()
androidx.appcompat.widget.SearchView$SearchAutoComplete: SearchView$SearchAutoComplete(android.content.Context,android.util.AttributeSet)
androidx.core.graphics.drawable.DrawableCompat$Api21Impl: void setHotspot(android.graphics.drawable.Drawable,float,float)
androidx.vectordrawable.graphics.drawable.VectorDrawableCompat$VPathRenderer: float getAlpha()
androidx.core.graphics.drawable.DrawableCompat$Api21Impl: android.graphics.ColorFilter getColorFilter(android.graphics.drawable.Drawable)
androidx.core.content.FileProvider: FileProvider()
androidx.appcompat.widget.AppCompatTextView: void setBackgroundResource(int)
androidx.appcompat.widget.AppCompatTextHelper$Api26Impl: void setAutoSizeTextTypeUniformWithConfiguration(android.widget.TextView,int,int,int,int)
androidx.appcompat.widget.LinearLayoutCompat: void setGravity(int)
androidx.core.view.WindowInsetsCompat$Impl: boolean isConsumed()
androidx.appcompat.widget.Toolbar: androidx.appcompat.widget.ActionMenuPresenter getOuterActionMenuPresenter()
androidx.core.app.NotificationCompatBuilder$Api20Impl: android.app.Notification$Action$Builder addExtras(android.app.Notification$Action$Builder,android.os.Bundle)
androidx.core.os.LocaleListCompat$Api24Impl: android.os.LocaleList getAdjustedDefault()
androidx.appcompat.widget.Toolbar: void setLogo(android.graphics.drawable.Drawable)
androidx.vectordrawable.graphics.drawable.VectorDrawableCompat$VGroup: float getPivotX()
androidx.core.app.NotificationCompatBuilder$Api23Impl: android.app.Notification$Builder setSmallIcon(android.app.Notification$Builder,java.lang.Object)
androidx.vectordrawable.graphics.drawable.VectorDrawableCompat$VFullPath: void setStrokeAlpha(float)
androidx.versionedparcelable.CustomVersionedParcelable: CustomVersionedParcelable()
androidx.appcompat.widget.ActionBarOverlayLayout: void setUiOptions(int)
androidx.appcompat.widget.LinearLayoutCompat: android.graphics.drawable.Drawable getDividerDrawable()
androidx.core.view.WindowInsetsCompat$BuilderImpl: void setStableInsets(androidx.core.graphics.Insets)
com.google.android.gms.common.ErrorDialogFragment: ErrorDialogFragment()
androidx.core.app.NotificationManagerCompat$Api26Impl: void createNotificationChannel(android.app.NotificationManager,android.app.NotificationChannel)
androidx.lifecycle.EmptyActivityLifecycleCallbacks: void onActivityResumed(android.app.Activity)
androidx.appcompat.widget.Toolbar: void setNavigationIcon(int)
androidx.appcompat.widget.Toolbar: void setBackInvokedCallbackEnabled(boolean)
androidx.startup.InitializationProvider: InitializationProvider()
androidx.appcompat.widget.ActionBarContextView: int getContentHeight()
androidx.core.view.WindowInsetsCompat$Impl29: androidx.core.view.WindowInsetsCompat inset(int,int,int,int)
androidx.core.graphics.drawable.IconCompat$Api28Impl: int getType(java.lang.Object)
androidx.core.view.ViewGroupCompat$Api21Impl: int getNestedScrollAxes(android.view.ViewGroup)
androidx.appcompat.widget.Toolbar: java.lang.CharSequence getNavigationContentDescription()
androidx.lifecycle.Lifecycle$Event: androidx.lifecycle.Lifecycle$Event valueOf(java.lang.String)
androidx.appcompat.widget.Toolbar: void setNavigationContentDescription(java.lang.CharSequence)
androidx.core.view.ViewCompat$Api28Impl: boolean isAccessibilityHeading(android.view.View)
androidx.core.view.VelocityTrackerCompat$Api34Impl: boolean isAxisSupported(android.view.VelocityTracker,int)
androidx.appcompat.widget.Toolbar: void setSubtitle(int)