app (1)/build/outputs/mapping/release/mapping.txt
# compiler: R8
# compiler_version: 8.9.32
# min_api: 21
# common_typos_disable
# {"id":"com.android.tools.r8.mapping","version":"2.2"}
# pg_map_id: d5bd78a
# pg_map_hash: SHA-256 d5bd78a19a7d8b8616d97c9670c4b5fa2cdacaad7c7cd5a56d9380bfce51564a
com.guepardodelivery.entregador.Application -> com.guepardodelivery.entregador.Application:
# {"id":"sourceFile","fileName":"Application.java"}
    boolean isAppInForeground -> a
    1:4:void <init>():18:18 -> <init>
    1:4:void onCreate():26:26 -> onCreate
com.guepardodelivery.entregador.DelegationService -> com.guepardodelivery.entregador.DelegationService:
# {"id":"sourceFile","fileName":"DelegationService.java"}
    1:4:void <init>():7:7 -> <init>
    1:3:void onCreate():11:11 -> onCreate
    4:12:void onCreate():14:14 -> onCreate
com.guepardodelivery.entregador.FloatingBubbleService -> com.guepardodelivery.entregador.FloatingBubbleService:
# {"id":"sourceFile","fileName":"FloatingBubbleService.java"}
    android.view.WindowManager windowManager -> a
    android.widget.FrameLayout rootView -> b
    android.view.WindowManager$LayoutParams windowParams -> c
    android.view.View statusDot -> d
    android.widget.FrameLayout dismissView -> e
    android.view.WindowManager$LayoutParams dismissParams -> f
    android.view.View dismissCircle -> g
    android.widget.TextView circleText -> h
    android.widget.TextView dismissText -> i
    int initialX -> j
    int initialY -> k
    float initialTouchX -> l
    float initialTouchY -> m
    boolean isDragging -> n
    boolean isNearDismiss -> o
    boolean isDriverOnline -> p
    boolean hasCheckedStatus -> q
    int pollCounter -> r
    android.os.Handler handler -> s
    java.lang.Runnable checkForegroundRunnable -> t
    1:4:void <init>():32:32 -> <init>
    5:6:void <init>():55:55 -> <init>
    7:8:void <init>():56:56 -> <init>
    9:10:void <init>():59:59 -> <init>
    11:12:void <init>():60:60 -> <init>
    13:14:void <init>():61:61 -> <init>
    15:25:void <init>():63:63 -> <init>
    26:33:void <init>():64:64 -> <init>
    1:4:void access$500(com.guepardodelivery.entregador.FloatingBubbleService):32:32 -> A
    1:3:android.os.Handler access$600(com.guepardodelivery.entregador.FloatingBubbleService):32:32 -> B
com.guepardodelivery.entregador.FloatingBubbleService$$ExternalSyntheticApiModelOutline0 -> n0.a:
# {"id":"sourceFile","fileName":"R8$$SyntheticClass"}
# {"id":"com.android.tools.r8.synthesized"}
    1:1:void n0.FloatingBubbleService$$ExternalSyntheticApiModelOutline0.m(com.guepardodelivery.entregador.FloatingBubbleService,int,android.app.Notification,int):0:0 -> a
      # {"id":"com.android.tools.r8.synthesized"}
com.guepardodelivery.entregador.FloatingBubbleService$$ExternalSyntheticApiModelOutline1 -> n0.b:
# {"id":"sourceFile","fileName":"R8$$SyntheticClass"}
# {"id":"com.android.tools.r8.synthesized"}
    1:1:boolean n0.FloatingBubbleService$$ExternalSyntheticApiModelOutline1.m(android.content.Context):0:0 -> a
      # {"id":"com.android.tools.r8.synthesized"}
com.guepardodelivery.entregador.FloatingBubbleService$$ExternalSyntheticApiModelOutline2 -> n0.c:
# {"id":"sourceFile","fileName":"R8$$SyntheticClass"}
# {"id":"com.android.tools.r8.synthesized"}
    1:1:void n0.FloatingBubbleService$$ExternalSyntheticApiModelOutline2.m(android.app.NotificationChannel,java.lang.String):0:0 -> a
      # {"id":"com.android.tools.r8.synthesized"}
com.guepardodelivery.entregador.FloatingBubbleService$$ExternalSyntheticApiModelOutline3 -> n0.d:
# {"id":"sourceFile","fileName":"R8$$SyntheticClass"}
# {"id":"com.android.tools.r8.synthesized"}
    1:1:java.lang.Object n0.FloatingBubbleService$$ExternalSyntheticApiModelOutline3.m(com.guepardodelivery.entregador.FloatingBubbleService,java.lang.Class):0:0 -> a
      # {"id":"com.android.tools.r8.synthesized"}
com.guepardodelivery.entregador.FloatingBubbleService$$ExternalSyntheticApiModelOutline4 -> n0.e:
# {"id":"sourceFile","fileName":"R8$$SyntheticClass"}
# {"id":"com.android.tools.r8.synthesized"}
    1:1:android.app.Notification$Builder n0.FloatingBubbleService$$ExternalSyntheticApiModelOutline4.m(android.content.Context,java.lang.String):0:0 -> a
      # {"id":"com.android.tools.r8.synthesized"}
...
androidx.concurrent.futures.AbstractResolvableFuture$1 -> androidx.concurrent.futures.a$a:
# {"id":"sourceFile","fileName":"AbstractResolvableFuture.java"}
androidx.concurrent.futures.AbstractResolvableFuture$AtomicHelper -> androidx.concurrent.futures.a$b:
# {"id":"sourceFile","fileName":"AbstractResolvableFuture.java"}
    1:1:void <init>():1069:1069 -> <init>
    2:2:void <init>(androidx.concurrent.futures.AbstractResolvableFuture$1):1069:1069 -> <init>
      # {"id":"com.android.tools.r8.residualsignature","signature":"(Landroidx/concurrent/futures/a$a;)V"}
    boolean casListeners(androidx.concurrent.futures.AbstractResolvableFuture,androidx.concurrent.futures.AbstractResolvableFuture$Listener,androidx.concurrent.futures.AbstractResolvableFuture$Listener) -> a
      # {"id":"com.android.tools.r8.residualsignature","signature":"(Landroidx/concurrent/futures/a;Landroidx/concurrent/futures/a$e;Landroidx/concurrent/futures/a$e;)Z"}
    boolean casValue(androidx.concurrent.futures.AbstractResolvableFuture,java.lang.Object,java.lang.Object) -> b
      # {"id":"com.android.tools.r8.residualsignature","signature":"(Landroidx/concurrent/futures/a;Ljava/lang/Object;Ljava/lang/Object;)Z"}
    boolean casWaiters(androidx.concurrent.futures.AbstractResolvableFuture,androidx.concurrent.futures.AbstractResolvableFuture$Waiter,androidx.concurrent.futures.AbstractResolvableFuture$Waiter) -> c
      # {"id":"com.android.tools.r8.residualsignature","signature":"(Landroidx/concurrent/futures/a;Landroidx/concurrent/futures/a$h;Landroidx/concurrent/futures/a$h;)Z"}
androidx.concurrent.futures.AbstractResolvableFuture$Cancellation -> androidx.concurrent.futures.a$c:
# {"id":"sourceFile","fileName":"AbstractResolvableFuture.java"}
    boolean wasInterrupted -> a
    java.lang.Throwable cause -> b
    androidx.concurrent.futures.AbstractResolvableFuture$Cancellation CAUSELESS_INTERRUPTED -> c
      # {"id":"com.android.tools.r8.residualsignature","signature":"Landroidx/concurrent/futures/a$c;"}
    androidx.concurrent.futures.AbstractResolvableFuture$Cancellation CAUSELESS_CANCELLED -> d
      # {"id":"com.android.tools.r8.residualsignature","signature":"Landroidx/concurrent/futures/a$c;"}
    1:5:void <clinit>():243:243 -> <clinit>
    6:7:void <clinit>():244:244 -> <clinit>
    8:10:void <clinit>():245:245 -> <clinit>
    11:18:void <clinit>():247:247 -> <clinit>
    19:27:void <clinit>():248:248 -> <clinit>
    1:3:void <init>(boolean,java.lang.Throwable):256:256 -> <init>
    4:5:void <init>(boolean,java.lang.Throwable):257:257 -> <init>
    6:8:void <init>(boolean,java.lang.Throwable):258:258 -> <init>
androidx.concurrent.futures.AbstractResolvableFuture$Failure -> androidx.concurrent.futures.a$d:
# {"id":"sourceFile","fileName":"AbstractResolvableFuture.java"}
    java.lang.Throwable exception -> a
androidx.concurrent.futures.AbstractResolvableFuture$Listener -> androidx.concurrent.futures.a$e:
# {"id":"sourceFile","fileName":"AbstractResolvableFuture.java"}
    java.lang.Runnable task -> a
    java.util.concurrent.Executor executor -> b
    androidx.concurrent.futures.AbstractResolvableFuture$Listener next -> c
      # {"id":"com.android.tools.r8.residualsignature","signature":"Landroidx/concurrent/futures/a$e;"}
    androidx.concurrent.futures.AbstractResolvableFuture$Listener TOMBSTONE -> d
      # {"id":"com.android.tools.r8.residualsignature","signature":"Landroidx/concurrent/futures/a$e;"}
    1:9:void <clinit>():202:202 -> <clinit>
    1:3:void <init>(java.lang.Runnable,java.util.concurrent.Executor):210:210 -> <init>
    4:5:void <init>(java.lang.Runnable,java.util.concurrent.Executor):211:211 -> <init>
    6:8:void <init>(java.lang.Runnable,java.util.concurrent.Executor):212:212 -> <init>